#
# There is insufficient memory for the Java Runtime Environment to continue.
# Native memory allocation (malloc) failed to allocate 812736 bytes for Chunk::new
# Possible reasons:
#   The system is out of physical RAM or swap space
#   The process is running with CompressedOops enabled, and the Java Heap may be blocking the growth of the native heap
# Possible solutions:
#   Reduce memory load on the system
#   Increase physical memory or swap space
#   Check if swap backing store is full
#   Decrease Java heap size (-Xmx/-Xms)
#   Decrease number of Java threads
#   Decrease Java thread stack sizes (-Xss)
#   Set larger code cache with -XX:ReservedCodeCacheSize=
#   JVM is running with Unscaled Compressed Oops mode in which the Java heap is
#     placed in the first 4GB address space. The Java Heap base address is the
#     maximum limit for the native heap growth. Please use -XX:HeapBaseMinAddress
#     to set the Java Heap base and to place the Java Heap above 4GB virtual address.
# This output file may be truncated or incomplete.
#
#  Out of Memory Error (./src/hotspot/share/memory/arena.cpp:197), pid=11580, tid=7868
#
# JRE version: OpenJDK Runtime Environment (11.0.10) (build 11.0.10+0-b96-7249189)
# Java VM: OpenJDK 64-Bit Server VM (11.0.10+0-b96-7249189, mixed mode, tiered, compressed oops, g1 gc, windows-amd64)
# No core dump will be written. Minidumps are not enabled by default on client versions of Windows
#

---------------  S U M M A R Y ------------

Command Line: --add-opens=java.base/java.util=ALL-UNNAMED --add-opens=java.base/java.lang=ALL-UNNAMED --add-opens=java.base/java.lang.invoke=ALL-UNNAMED --add-opens=java.base/java.util=ALL-UNNAMED --add-opens=java.prefs/java.util.prefs=ALL-UNNAMED --add-opens=java.prefs/java.util.prefs=ALL-UNNAMED --add-opens=java.base/java.nio.charset=ALL-UNNAMED --add-opens=java.base/java.net=ALL-UNNAMED --add-opens=java.base/java.util.concurrent.atomic=ALL-UNNAMED -Xmx2048m -Dfile.encoding=UTF-8 -Duser.country=GB -Duser.language=en -Duser.variant org.gradle.launcher.daemon.bootstrap.GradleDaemon 7.0.2

Host: Intel(R) Core(TM) i5-8250U CPU @ 1.60GHz, 8 cores, 7G,  Windows 10 , 64 bit Build 19041 (10.0.19041.1202)
Time: Wed Oct 27 14:44:54 2021 SE Asia Standard Time elapsed time: 31.369426 seconds (0d 0h 0m 31s)

---------------  T H R E A D  ---------------

Current thread (0x000001e7dc0d9800):  JavaThread "C2 CompilerThread0" daemon [_thread_in_native, id=7868, stack(0x000000921fb00000,0x000000921fc00000)]


Current CompileTask:
C2:  31369 6953 %     4       org.gradle.internal.instantiation.generator.AbstractClassGenerator::inspectType @ 107 (560 bytes)

Stack: [0x000000921fb00000,0x000000921fc00000]
Native frames: (J=compiled Java code, j=interpreted, Vv=VM code, C=native code)
V  [jvm.dll+0x5ecfaa]
V  [jvm.dll+0x722bd5]
V  [jvm.dll+0x72412d]
V  [jvm.dll+0x7247e3]
V  [jvm.dll+0x242928]
V  [jvm.dll+0xbc4fc]
V  [jvm.dll+0xbca0c]
V  [jvm.dll+0x2b4fd4]
V  [jvm.dll+0x506028]
V  [jvm.dll+0x1fc985]
V  [jvm.dll+0x1fa77f]
V  [jvm.dll+0x18354c]
V  [jvm.dll+0x208ee7]
V  [jvm.dll+0x207731]
V  [jvm.dll+0x6eb1cf]
V  [jvm.dll+0x6e3d45]
V  [jvm.dll+0x5ebe96]
C  [ucrtbase.dll+0x21bb2]
C  [KERNEL32.DLL+0x17034]
C  [ntdll.dll+0x52651]


---------------  P R O C E S S  ---------------

Threads class SMR info:
_java_thread_list=0x000001e7e28e9af0, length=50, elements={
0x000001e7c1c3e000, 0x000001e7dc0b1800, 0x000001e7dc0bd000, 0x000001e7dc0ca800,
0x000001e7dc0cb800, 0x000001e7dc0cd800, 0x000001e7dc0d9800, 0x000001e7dc0de000,
0x000001e7dc0e4000, 0x000001e7dcb86000, 0x000001e7df578000, 0x000001e7de349800,
0x000001e7de4c0800, 0x000001e7df024000, 0x000001e7de270000, 0x000001e7de5bd800,
0x000001e7de4bf000, 0x000001e7dea28800, 0x000001e7df448800, 0x000001e7de161000,
0x000001e7de160800, 0x000001e7de162000, 0x000001e7de15e000, 0x000001e7de15f000,
0x000001e7de15c800, 0x000001e7de163000, 0x000001e7de15d000, 0x000001e7de15f800,
0x000001e7e26fb800, 0x000001e7e26f9000, 0x000001e7e26f6800, 0x000001e7e26f5800,
0x000001e7e26f8000, 0x000001e7e26fc000, 0x000001e7e26f7800, 0x000001e7e2702000,
0x000001e7e2700800, 0x000001e7e2701000, 0x000001e7e2703000, 0x000001e7e26ff800,
0x000001e7e2703800, 0x000001e7e26fe800, 0x000001e7e26fe000, 0x000001e7e2704800,
0x000001e7defae000, 0x000001e7defaa800, 0x000001e7defa8000, 0x000001e7defa9000,
0x000001e7defab800, 0x000001e7defac000
}

Java Threads: ( => current thread )
  0x000001e7c1c3e000 JavaThread "main" [_thread_blocked, id=8684, stack(0x000000921ef00000,0x000000921f000000)]
  0x000001e7dc0b1800 JavaThread "Reference Handler" daemon [_thread_blocked, id=6592, stack(0x000000921f600000,0x000000921f700000)]
  0x000001e7dc0bd000 JavaThread "Finalizer" daemon [_thread_blocked, id=8372, stack(0x000000921f700000,0x000000921f800000)]
  0x000001e7dc0ca800 JavaThread "Signal Dispatcher" daemon [_thread_blocked, id=7872, stack(0x000000921f800000,0x000000921f900000)]
  0x000001e7dc0cb800 JavaThread "Attach Listener" daemon [_thread_blocked, id=9856, stack(0x000000921f900000,0x000000921fa00000)]
  0x000001e7dc0cd800 JavaThread "Service Thread" daemon [_thread_blocked, id=1428, stack(0x000000921fa00000,0x000000921fb00000)]
=>0x000001e7dc0d9800 JavaThread "C2 CompilerThread0" daemon [_thread_in_native, id=7868, stack(0x000000921fb00000,0x000000921fc00000)]
  0x000001e7dc0de000 JavaThread "C1 CompilerThread0" daemon [_thread_blocked, id=8932, stack(0x000000921fc00000,0x000000921fd00000)]
  0x000001e7dc0e4000 JavaThread "Sweeper thread" daemon [_thread_blocked, id=11480, stack(0x000000921fd00000,0x000000921fe00000)]
  0x000001e7dcb86000 JavaThread "Common-Cleaner" daemon [_thread_blocked, id=10632, stack(0x000000921fe00000,0x000000921ff00000)]
  0x000001e7df578000 JavaThread "Daemon health stats" [_thread_blocked, id=7672, stack(0x0000009220400000,0x0000009220500000)]
  0x000001e7de349800 JavaThread "Incoming local TCP Connector on port 56072" [_thread_in_native, id=6044, stack(0x0000009220200000,0x0000009220300000)]
  0x000001e7de4c0800 JavaThread "Daemon periodic checks" [_thread_blocked, id=5828, stack(0x0000009220300000,0x0000009220400000)]
  0x000001e7df024000 JavaThread "Daemon" [_thread_blocked, id=7320, stack(0x0000009220500000,0x0000009220600000)]
  0x000001e7de270000 JavaThread "Handler for socket connection from /127.0.0.1:56072 to /127.0.0.1:56073" [_thread_in_native, id=10320, stack(0x0000009220600000,0x0000009220700000)]
  0x000001e7de5bd800 JavaThread "Cancel handler" [_thread_blocked, id=9920, stack(0x0000009220700000,0x0000009220800000)]
  0x000001e7de4bf000 JavaThread "Daemon worker" [_thread_in_vm, id=6340, stack(0x0000009220800000,0x0000009220900000)]
  0x000001e7dea28800 JavaThread "Asynchronous log dispatcher for DefaultDaemonConnection: socket connection from /127.0.0.1:56072 to /127.0.0.1:56073" [_thread_blocked, id=8016, stack(0x0000009220a00000,0x0000009220b00000)]
  0x000001e7df448800 JavaThread "Stdin handler" [_thread_blocked, id=7564, stack(0x0000009220b00000,0x0000009220c00000)]
  0x000001e7de161000 JavaThread "Daemon client event forwarder" [_thread_blocked, id=12280, stack(0x0000009220c00000,0x0000009220d00000)]
  0x000001e7de160800 JavaThread "Cache worker for file hash cache (C:\Users\Rivaldo\.gradle\caches\7.0.2\fileHashes)" [_thread_blocked, id=6992, stack(0x0000009220900000,0x0000009220a00000)]
  0x000001e7de162000 JavaThread "File lock request listener" [_thread_in_native, id=2292, stack(0x0000009221300000,0x0000009221400000)]
  0x000001e7de15e000 JavaThread "Cache worker for journal cache (C:\Users\Rivaldo\.gradle\caches\journal-1)" [_thread_blocked, id=11356, stack(0x0000009221500000,0x0000009221600000)]
  0x000001e7de15f000 JavaThread "Cache worker for file hash cache (C:\Users\Rivaldo\AndroidStudioProjects\BringUp\.gradle\7.0.2\fileHashes)" [_thread_blocked, id=11988, stack(0x0000009221700000,0x0000009221800000)]
  0x000001e7de15c800 JavaThread "File watcher server" daemon [_thread_in_native, id=12096, stack(0x0000009221800000,0x0000009221900000)]
  0x000001e7de163000 JavaThread "File watcher consumer" daemon [_thread_blocked, id=7120, stack(0x0000009221900000,0x0000009221a00000)]
  0x000001e7de15d000 JavaThread "Cache worker for checksums cache (C:\Users\Rivaldo\AndroidStudioProjects\BringUp\.gradle\checksums)" [_thread_blocked, id=10000, stack(0x0000009221a00000,0x0000009221b00000)]
  0x000001e7de15f800 JavaThread "Cache worker for cache directory md-supplier (C:\Users\Rivaldo\.gradle\caches\7.0.2\md-supplier)" [_thread_blocked, id=11232, stack(0x0000009221b00000,0x0000009221c00000)]
  0x000001e7e26fb800 JavaThread "Cache worker for cache directory md-rule (C:\Users\Rivaldo\.gradle\caches\7.0.2\md-rule)" [_thread_blocked, id=11928, stack(0x0000009221c00000,0x0000009221d00000)]
  0x000001e7e26f9000 JavaThread "Cache worker for execution history cache (C:\Users\Rivaldo\.gradle\caches\7.0.2\executionHistory)" [_thread_blocked, id=12276, stack(0x0000009221d00000,0x0000009221e00000)]
  0x000001e7e26f6800 JavaThread "jar transforms" [_thread_blocked, id=5856, stack(0x0000009221600000,0x0000009221700000)]
  0x000001e7e26f5800 JavaThread "jar transforms Thread 2" [_thread_blocked, id=7772, stack(0x0000009221e00000,0x0000009221f00000)]
  0x000001e7e26f8000 JavaThread "Cache worker for file content cache (C:\Users\Rivaldo\.gradle\caches\7.0.2\fileContent)" [_thread_blocked, id=2560, stack(0x0000009221f00000,0x0000009222000000)]
  0x000001e7e26fc000 JavaThread "Cache worker for dependencies-accessors (C:\Users\Rivaldo\AndroidStudioProjects\BringUp\.gradle\7.0.2\dependencies-accessors)" [_thread_blocked, id=7964, stack(0x0000009222000000,0x0000009222100000)]
  0x000001e7e26f7800 JavaThread "jar transforms Thread 3" [_thread_blocked, id=1864, stack(0x0000009222100000,0x0000009222200000)]
  0x000001e7e2702000 JavaThread "Cache worker for Build Output Cleanup Cache (C:\Users\Rivaldo\AndroidStudioProjects\BringUp\.gradle\buildOutputCleanup)" [_thread_blocked, id=10172, stack(0x0000009222200000,0x0000009222300000)]
  0x000001e7e2700800 JavaThread "Build operations" [_thread_blocked, id=7468, stack(0x0000009222300000,0x0000009222400000)]
  0x000001e7e2701000 JavaThread "Build operations Thread 2" [_thread_blocked, id=8496, stack(0x0000009222400000,0x0000009222500000)]
  0x000001e7e2703000 JavaThread "Build operations Thread 3" [_thread_blocked, id=5900, stack(0x0000009222500000,0x0000009222600000)]
  0x000001e7e26ff800 JavaThread "Build operations Thread 4" [_thread_blocked, id=9964, stack(0x0000009222600000,0x0000009222700000)]
  0x000001e7e2703800 JavaThread "Build operations Thread 5" [_thread_blocked, id=6288, stack(0x0000009222700000,0x0000009222800000)]
  0x000001e7e26fe800 JavaThread "Build operations Thread 6" [_thread_blocked, id=11460, stack(0x0000009222800000,0x0000009222900000)]
  0x000001e7e26fe000 JavaThread "Build operations Thread 7" [_thread_blocked, id=7528, stack(0x0000009222900000,0x0000009222a00000)]
  0x000001e7e2704800 JavaThread "Build operations Thread 8" [_thread_blocked, id=9108, stack(0x0000009222a00000,0x0000009222b00000)]
  0x000001e7defae000 JavaThread "jar transforms Thread 4" [_thread_blocked, id=7264, stack(0x0000009222b00000,0x0000009222c00000)]
  0x000001e7defaa800 JavaThread "jar transforms Thread 5" [_thread_blocked, id=8088, stack(0x0000009222c00000,0x0000009222d00000)]
  0x000001e7defa8000 JavaThread "jar transforms Thread 6" [_thread_blocked, id=12040, stack(0x0000009222d00000,0x0000009222e00000)]
  0x000001e7defa9000 JavaThread "jar transforms Thread 7" [_thread_blocked, id=744, stack(0x0000009222e00000,0x0000009222f00000)]
  0x000001e7defab800 JavaThread "jar transforms Thread 8" [_thread_blocked, id=11508, stack(0x0000009222f00000,0x0000009223000000)]
  0x000001e7defac000 JavaThread "Memory manager" [_thread_blocked, id=11648, stack(0x0000009223000000,0x0000009223100000)]

Other Threads:
  0x000001e7dc0ad800 VMThread "VM Thread" [stack: 0x000000921f500000,0x000000921f600000] [id=6920]
  0x000001e7dcb8f000 WatcherThread [stack: 0x000000921ff00000,0x0000009220000000] [id=9852]
  0x000001e7c1c56800 GCTaskThread "GC Thread#0" [stack: 0x000000921f000000,0x000000921f100000] [id=8384]
  0x000001e7dd74a000 GCTaskThread "GC Thread#1" [stack: 0x0000009220000000,0x0000009220100000] [id=6488]
  0x000001e7dd732000 GCTaskThread "GC Thread#2" [stack: 0x0000009220100000,0x0000009220200000] [id=9560]
  0x000001e7dfb00800 GCTaskThread "GC Thread#3" [stack: 0x0000009220d00000,0x0000009220e00000] [id=6668]
  0x000001e7dfd4c800 GCTaskThread "GC Thread#4" [stack: 0x0000009220e00000,0x0000009220f00000] [id=3344]
  0x000001e7ddf40800 GCTaskThread "GC Thread#5" [stack: 0x0000009220f00000,0x0000009221000000] [id=10348]
  0x000001e7dcf06800 GCTaskThread "GC Thread#6" [stack: 0x0000009221000000,0x0000009221100000] [id=1372]
  0x000001e7ddf56000 GCTaskThread "GC Thread#7" [stack: 0x0000009221100000,0x0000009221200000] [id=4980]
  0x000001e7c1c88000 ConcurrentGCThread "G1 Main Marker" [stack: 0x000000921f100000,0x000000921f200000] [id=11120]
  0x000001e7c1c89800 ConcurrentGCThread "G1 Conc#0" [stack: 0x000000921f200000,0x000000921f300000] [id=3380]
  0x000001e7de05a000 ConcurrentGCThread "G1 Conc#1" [stack: 0x0000009221400000,0x0000009221500000] [id=3956]
  0x000001e7dbf00800 ConcurrentGCThread "G1 Refine#0" [stack: 0x000000921f300000,0x000000921f400000] [id=10728]
  0x000001e7de4b5000 ConcurrentGCThread "G1 Refine#1" [stack: 0x0000009221200000,0x0000009221300000] [id=5540]
  0x000001e7dbf01800 ConcurrentGCThread "G1 Young RemSet Sampling" [stack: 0x000000921f400000,0x000000921f500000] [id=9372]

Threads with active compile tasks:
C2 CompilerThread0  31452 6953 %     4       org.gradle.internal.instantiation.generator.AbstractClassGenerator::inspectType @ 107 (560 bytes)

VM state:not at safepoint (normal execution)

VM Mutex/Monitor currently owned by a thread: None

Heap address: 0x0000000080000000, size: 2048 MB, Compressed Oops mode: 32-bit
Narrow klass base: 0x0000000000000000, Narrow klass shift: 3
Compressed class space size: 1073741824 Address: 0x0000000100000000

Heap:
 garbage-first heap   total 131072K, used 71225K [0x0000000080000000, 0x0000000100000000)
  region size 1024K, 20 young (20480K), 3 survivors (3072K)
 Metaspace       used 74343K, capacity 76111K, committed 76236K, reserved 1116160K
  class space    used 9703K, capacity 10326K, committed 10444K, reserved 1048576K
Heap Regions: E=young(eden), S=young(survivor), O=old, HS=humongous(starts), HC=humongous(continues), CS=collection set, F=free, A=archive, TAMS=top-at-mark-start (previous, next)
|   0|0x0000000080000000, 0x0000000080100000, 0x0000000080100000|100%| O|  |TAMS 0x0000000080100000, 0x0000000080000000| Untracked 
|   1|0x0000000080100000, 0x0000000080200000, 0x0000000080200000|100%| O|  |TAMS 0x0000000080200000, 0x0000000080100000| Untracked 
|   2|0x0000000080200000, 0x0000000080300000, 0x0000000080300000|100%| O|  |TAMS 0x0000000080300000, 0x0000000080200000| Untracked 
|   3|0x0000000080300000, 0x0000000080400000, 0x0000000080400000|100%|HS|  |TAMS 0x0000000080400000, 0x0000000080300000| Complete 
|   4|0x0000000080400000, 0x0000000080500000, 0x0000000080500000|100%|HC|  |TAMS 0x0000000080500000, 0x0000000080400000| Complete 
|   5|0x0000000080500000, 0x0000000080600000, 0x0000000080600000|100%|HC|  |TAMS 0x0000000080600000, 0x0000000080500000| Complete 
|   6|0x0000000080600000, 0x0000000080700000, 0x0000000080700000|100%| O|  |TAMS 0x0000000080700000, 0x0000000080600000| Untracked 
|   7|0x0000000080700000, 0x0000000080800000, 0x0000000080800000|100%| O|  |TAMS 0x0000000080800000, 0x0000000080700000| Untracked 
|   8|0x0000000080800000, 0x0000000080900000, 0x0000000080900000|100%| O|  |TAMS 0x0000000080900000, 0x0000000080800000| Untracked 
|   9|0x0000000080900000, 0x0000000080a00000, 0x0000000080a00000|100%| O|  |TAMS 0x0000000080a00000, 0x0000000080900000| Untracked 
|  10|0x0000000080a00000, 0x0000000080b00000, 0x0000000080b00000|100%| O|  |TAMS 0x0000000080b00000, 0x0000000080a00000| Untracked 
|  11|0x0000000080b00000, 0x0000000080c00000, 0x0000000080c00000|100%| O|  |TAMS 0x0000000080c00000, 0x0000000080b00000| Untracked 
|  12|0x0000000080c00000, 0x0000000080d00000, 0x0000000080d00000|100%| O|  |TAMS 0x0000000080d00000, 0x0000000080c00000| Untracked 
|  13|0x0000000080d00000, 0x0000000080e00000, 0x0000000080e00000|100%| O|  |TAMS 0x0000000080e00000, 0x0000000080d00000| Untracked 
|  14|0x0000000080e00000, 0x0000000080f00000, 0x0000000080f00000|100%| O|  |TAMS 0x0000000080f00000, 0x0000000080e00000| Untracked 
|  15|0x0000000080f00000, 0x0000000081000000, 0x0000000081000000|100%| O|  |TAMS 0x0000000081000000, 0x0000000080f00000| Untracked 
|  16|0x0000000081000000, 0x0000000081100000, 0x0000000081100000|100%|HS|  |TAMS 0x0000000081100000, 0x0000000081000000| Complete 
|  17|0x0000000081100000, 0x0000000081200000, 0x0000000081200000|100%| O|  |TAMS 0x0000000081200000, 0x0000000081100000| Untracked 
|  18|0x0000000081200000, 0x0000000081300000, 0x0000000081300000|100%| O|  |TAMS 0x0000000081300000, 0x0000000081200000| Untracked 
|  19|0x0000000081300000, 0x0000000081400000, 0x0000000081400000|100%| O|  |TAMS 0x0000000081400000, 0x0000000081300000| Untracked 
|  20|0x0000000081400000, 0x0000000081500000, 0x0000000081500000|100%| O|  |TAMS 0x0000000081500000, 0x0000000081400000| Untracked 
|  21|0x0000000081500000, 0x0000000081600000, 0x0000000081600000|100%| O|  |TAMS 0x0000000081600000, 0x0000000081500000| Untracked 
|  22|0x0000000081600000, 0x0000000081700000, 0x0000000081700000|100%| O|  |TAMS 0x0000000081700000, 0x0000000081600000| Untracked 
|  23|0x0000000081700000, 0x0000000081800000, 0x0000000081800000|100%| O|  |TAMS 0x0000000081800000, 0x0000000081700000| Untracked 
|  24|0x0000000081800000, 0x0000000081900000, 0x0000000081900000|100%| O|  |TAMS 0x0000000081900000, 0x0000000081800000| Untracked 
|  25|0x0000000081900000, 0x0000000081a00000, 0x0000000081a00000|100%| O|  |TAMS 0x0000000081a00000, 0x0000000081900000| Untracked 
|  26|0x0000000081a00000, 0x0000000081b00000, 0x0000000081b00000|100%| O|  |TAMS 0x0000000081b00000, 0x0000000081a00000| Untracked 
|  27|0x0000000081b00000, 0x0000000081c00000, 0x0000000081c00000|100%|HS|  |TAMS 0x0000000081c00000, 0x0000000081b00000| Complete 
|  28|0x0000000081c00000, 0x0000000081d00000, 0x0000000081d00000|100%|HS|  |TAMS 0x0000000081d00000, 0x0000000081c00000| Complete 
|  29|0x0000000081d00000, 0x0000000081e00000, 0x0000000081e00000|100%|HC|  |TAMS 0x0000000081e00000, 0x0000000081d00000| Complete 
|  30|0x0000000081e00000, 0x0000000081f00000, 0x0000000081f00000|100%| O|  |TAMS 0x0000000081f00000, 0x0000000081e00000| Untracked 
|  31|0x0000000081f00000, 0x0000000082000000, 0x0000000082000000|100%| O|  |TAMS 0x0000000082000000, 0x0000000081f00000| Untracked 
|  32|0x0000000082000000, 0x0000000082100000, 0x0000000082100000|100%| O|  |TAMS 0x0000000082100000, 0x0000000082000000| Untracked 
|  33|0x0000000082100000, 0x0000000082200000, 0x0000000082200000|100%| O|  |TAMS 0x0000000082200000, 0x0000000082100000| Untracked 
|  34|0x0000000082200000, 0x0000000082300000, 0x0000000082300000|100%| O|  |TAMS 0x0000000082300000, 0x0000000082200000| Untracked 
|  35|0x0000000082300000, 0x0000000082400000, 0x0000000082400000|100%| O|  |TAMS 0x0000000082400000, 0x0000000082300000| Untracked 
|  36|0x0000000082400000, 0x0000000082500000, 0x0000000082500000|100%| O|  |TAMS 0x0000000082500000, 0x0000000082400000| Untracked 
|  37|0x0000000082500000, 0x0000000082600000, 0x0000000082600000|100%| O|  |TAMS 0x0000000082600000, 0x0000000082500000| Untracked 
|  38|0x0000000082600000, 0x0000000082700000, 0x0000000082700000|100%| O|  |TAMS 0x0000000082700000, 0x0000000082600000| Untracked 
|  39|0x0000000082700000, 0x0000000082800000, 0x0000000082800000|100%| O|  |TAMS 0x00000000827dc600, 0x0000000082700000| Untracked 
|  40|0x0000000082800000, 0x0000000082900000, 0x0000000082900000|100%| O|  |TAMS 0x0000000082800000, 0x0000000082800000| Untracked 
|  41|0x0000000082900000, 0x0000000082a00000, 0x0000000082a00000|100%| O|  |TAMS 0x0000000082900000, 0x0000000082900000| Untracked 
|  42|0x0000000082a00000, 0x0000000082b00000, 0x0000000082b00000|100%| O|  |TAMS 0x0000000082a00000, 0x0000000082a00000| Untracked 
|  43|0x0000000082b00000, 0x0000000082c00000, 0x0000000082c00000|100%| O|  |TAMS 0x0000000082b00000, 0x0000000082b00000| Untracked 
|  44|0x0000000082c00000, 0x0000000082d00000, 0x0000000082d00000|100%| O|  |TAMS 0x0000000082c00000, 0x0000000082c00000| Untracked 
|  45|0x0000000082d00000, 0x0000000082e00000, 0x0000000082e00000|100%| O|  |TAMS 0x0000000082d00000, 0x0000000082d00000| Untracked 
|  46|0x0000000082e00000, 0x0000000082f00000, 0x0000000082f00000|100%| O|  |TAMS 0x0000000082e00000, 0x0000000082e00000| Untracked 
|  47|0x0000000082f00000, 0x0000000083000000, 0x0000000083000000|100%| O|  |TAMS 0x0000000082f00000, 0x0000000082f00000| Untracked 
|  48|0x0000000083000000, 0x0000000083100000, 0x0000000083100000|100%| O|  |TAMS 0x0000000083000000, 0x0000000083000000| Untracked 
|  49|0x0000000083100000, 0x0000000083200000, 0x0000000083200000|100%| O|  |TAMS 0x0000000083100000, 0x0000000083100000| Untracked 
|  50|0x0000000083200000, 0x00000000832af600, 0x0000000083300000| 68%| O|  |TAMS 0x0000000083200000, 0x0000000083200000| Untracked 
|  51|0x0000000083300000, 0x0000000083300000, 0x0000000083400000|  0%| F|  |TAMS 0x0000000083300000, 0x0000000083300000| Untracked 
|  52|0x0000000083400000, 0x0000000083400000, 0x0000000083500000|  0%| F|  |TAMS 0x0000000083400000, 0x0000000083400000| Untracked 
|  53|0x0000000083500000, 0x0000000083500000, 0x0000000083600000|  0%| F|  |TAMS 0x0000000083500000, 0x0000000083500000| Untracked 
|  54|0x0000000083600000, 0x0000000083600000, 0x0000000083700000|  0%| F|  |TAMS 0x0000000083600000, 0x0000000083600000| Untracked 
|  55|0x0000000083700000, 0x0000000083700000, 0x0000000083800000|  0%| F|  |TAMS 0x0000000083700000, 0x0000000083700000| Untracked 
|  56|0x0000000083800000, 0x0000000083800000, 0x0000000083900000|  0%| F|  |TAMS 0x0000000083800000, 0x0000000083800000| Untracked 
|  57|0x0000000083900000, 0x0000000083900000, 0x0000000083a00000|  0%| F|  |TAMS 0x0000000083900000, 0x0000000083900000| Untracked 
|  58|0x0000000083a00000, 0x0000000083a00000, 0x0000000083b00000|  0%| F|  |TAMS 0x0000000083a00000, 0x0000000083a00000| Untracked 
|  59|0x0000000083b00000, 0x0000000083b00000, 0x0000000083c00000|  0%| F|  |TAMS 0x0000000083b00000, 0x0000000083b00000| Untracked 
|  60|0x0000000083c00000, 0x0000000083c00000, 0x0000000083d00000|  0%| F|  |TAMS 0x0000000083c00000, 0x0000000083c00000| Untracked 
|  61|0x0000000083d00000, 0x0000000083d00000, 0x0000000083e00000|  0%| F|  |TAMS 0x0000000083d00000, 0x0000000083d00000| Untracked 
|  62|0x0000000083e00000, 0x0000000083e00000, 0x0000000083f00000|  0%| F|  |TAMS 0x0000000083e00000, 0x0000000083e00000| Untracked 
|  63|0x0000000083f00000, 0x0000000083f00000, 0x0000000084000000|  0%| F|  |TAMS 0x0000000083f00000, 0x0000000083f00000| Untracked 
|  64|0x0000000084000000, 0x0000000084000000, 0x0000000084100000|  0%| F|  |TAMS 0x0000000084000000, 0x0000000084000000| Untracked 
|  65|0x0000000084100000, 0x0000000084100000, 0x0000000084200000|  0%| F|  |TAMS 0x0000000084100000, 0x0000000084100000| Untracked 
|  66|0x0000000084200000, 0x0000000084200000, 0x0000000084300000|  0%| F|  |TAMS 0x0000000084200000, 0x0000000084200000| Untracked 
|  67|0x0000000084300000, 0x0000000084300000, 0x0000000084400000|  0%| F|  |TAMS 0x0000000084300000, 0x0000000084300000| Untracked 
|  68|0x0000000084400000, 0x0000000084400000, 0x0000000084500000|  0%| F|  |TAMS 0x0000000084400000, 0x0000000084400000| Untracked 
|  69|0x0000000084500000, 0x0000000084500000, 0x0000000084600000|  0%| F|  |TAMS 0x0000000084500000, 0x0000000084500000| Untracked 
|  70|0x0000000084600000, 0x0000000084600000, 0x0000000084700000|  0%| F|  |TAMS 0x0000000084600000, 0x0000000084600000| Untracked 
|  71|0x0000000084700000, 0x0000000084700000, 0x0000000084800000|  0%| F|  |TAMS 0x0000000084700000, 0x0000000084700000| Untracked 
|  72|0x0000000084800000, 0x0000000084800000, 0x0000000084900000|  0%| F|  |TAMS 0x0000000084800000, 0x0000000084800000| Untracked 
|  73|0x0000000084900000, 0x00000000849df100, 0x0000000084a00000| 87%| S|CS|TAMS 0x0000000084900000, 0x0000000084900000| Complete 
|  74|0x0000000084a00000, 0x0000000084a00000, 0x0000000084b00000|  0%| F|  |TAMS 0x0000000084a00000, 0x0000000084a00000| Untracked 
|  75|0x0000000084b00000, 0x0000000084b00000, 0x0000000084c00000|  0%| F|  |TAMS 0x0000000084b00000, 0x0000000084b00000| Untracked 
|  76|0x0000000084c00000, 0x0000000084c00000, 0x0000000084d00000|  0%| F|  |TAMS 0x0000000084c00000, 0x0000000084c00000| Untracked 
|  77|0x0000000084d00000, 0x0000000084d00000, 0x0000000084e00000|  0%| F|  |TAMS 0x0000000084d00000, 0x0000000084d00000| Untracked 
|  78|0x0000000084e00000, 0x0000000084e00000, 0x0000000084f00000|  0%| F|  |TAMS 0x0000000084e00000, 0x0000000084e00000| Untracked 
|  79|0x0000000084f00000, 0x0000000085000000, 0x0000000085000000|100%| S|CS|TAMS 0x0000000084f00000, 0x0000000084f00000| Complete 
|  80|0x0000000085000000, 0x0000000085100000, 0x0000000085100000|100%| S|CS|TAMS 0x0000000085000000, 0x0000000085000000| Complete 
|  81|0x0000000085100000, 0x0000000085100000, 0x0000000085200000|  0%| F|  |TAMS 0x0000000085100000, 0x0000000085100000| Untracked 
|  82|0x0000000085200000, 0x0000000085200000, 0x0000000085300000|  0%| F|  |TAMS 0x0000000085200000, 0x0000000085200000| Untracked 
|  83|0x0000000085300000, 0x0000000085300000, 0x0000000085400000|  0%| F|  |TAMS 0x0000000085300000, 0x0000000085300000| Untracked 
|  84|0x0000000085400000, 0x0000000085400000, 0x0000000085500000|  0%| F|  |TAMS 0x0000000085400000, 0x0000000085400000| Untracked 
|  85|0x0000000085500000, 0x0000000085500000, 0x0000000085600000|  0%| F|  |TAMS 0x0000000085500000, 0x0000000085500000| Untracked 
|  86|0x0000000085600000, 0x0000000085600000, 0x0000000085700000|  0%| F|  |TAMS 0x0000000085600000, 0x0000000085600000| Untracked 
|  87|0x0000000085700000, 0x0000000085700000, 0x0000000085800000|  0%| F|  |TAMS 0x0000000085700000, 0x0000000085700000| Untracked 
|  88|0x0000000085800000, 0x0000000085800000, 0x0000000085900000|  0%| F|  |TAMS 0x0000000085800000, 0x0000000085800000| Untracked 
|  89|0x0000000085900000, 0x0000000085900000, 0x0000000085a00000|  0%| F|  |TAMS 0x0000000085900000, 0x0000000085900000| Untracked 
|  90|0x0000000085a00000, 0x0000000085a00000, 0x0000000085b00000|  0%| F|  |TAMS 0x0000000085a00000, 0x0000000085a00000| Untracked 
|  91|0x0000000085b00000, 0x0000000085b00000, 0x0000000085c00000|  0%| F|  |TAMS 0x0000000085b00000, 0x0000000085b00000| Untracked 
|  92|0x0000000085c00000, 0x0000000085c00000, 0x0000000085d00000|  0%| F|  |TAMS 0x0000000085c00000, 0x0000000085c00000| Untracked 
|  93|0x0000000085d00000, 0x0000000085d00000, 0x0000000085e00000|  0%| F|  |TAMS 0x0000000085d00000, 0x0000000085d00000| Untracked 
|  94|0x0000000085e00000, 0x0000000085e00000, 0x0000000085f00000|  0%| F|  |TAMS 0x0000000085e00000, 0x0000000085e00000| Untracked 
|  95|0x0000000085f00000, 0x0000000085f00000, 0x0000000086000000|  0%| F|  |TAMS 0x0000000085f00000, 0x0000000085f00000| Untracked 
|  96|0x0000000086000000, 0x0000000086000000, 0x0000000086100000|  0%| F|  |TAMS 0x0000000086000000, 0x0000000086000000| Untracked 
|  97|0x0000000086100000, 0x0000000086100000, 0x0000000086200000|  0%| F|  |TAMS 0x0000000086100000, 0x0000000086100000| Untracked 
|  98|0x0000000086200000, 0x0000000086200000, 0x0000000086300000|  0%| F|  |TAMS 0x0000000086200000, 0x0000000086200000| Untracked 
|  99|0x0000000086300000, 0x0000000086300000, 0x0000000086400000|  0%| F|  |TAMS 0x0000000086300000, 0x0000000086300000| Untracked 
| 100|0x0000000086400000, 0x0000000086400000, 0x0000000086500000|  0%| F|  |TAMS 0x0000000086400000, 0x0000000086400000| Untracked 
| 101|0x0000000086500000, 0x0000000086500000, 0x0000000086600000|  0%| F|  |TAMS 0x0000000086500000, 0x0000000086500000| Untracked 
| 102|0x0000000086600000, 0x0000000086600000, 0x0000000086700000|  0%| F|  |TAMS 0x0000000086600000, 0x0000000086600000| Untracked 
| 103|0x0000000086700000, 0x0000000086700000, 0x0000000086800000|  0%| F|  |TAMS 0x0000000086700000, 0x0000000086700000| Untracked 
| 104|0x0000000086800000, 0x0000000086800000, 0x0000000086900000|  0%| F|  |TAMS 0x0000000086800000, 0x0000000086800000| Untracked 
| 105|0x0000000086900000, 0x0000000086900000, 0x0000000086a00000|  0%| F|  |TAMS 0x0000000086900000, 0x0000000086900000| Untracked 
| 106|0x0000000086a00000, 0x0000000086a00000, 0x0000000086b00000|  0%| F|  |TAMS 0x0000000086a00000, 0x0000000086a00000| Untracked 
| 107|0x0000000086b00000, 0x0000000086b00000, 0x0000000086c00000|  0%| F|  |TAMS 0x0000000086b00000, 0x0000000086b00000| Untracked 
| 108|0x0000000086c00000, 0x0000000086c00000, 0x0000000086d00000|  0%| F|  |TAMS 0x0000000086c00000, 0x0000000086c00000| Untracked 
| 109|0x0000000086d00000, 0x0000000086d00000, 0x0000000086e00000|  0%| F|  |TAMS 0x0000000086d00000, 0x0000000086d00000| Untracked 
| 110|0x0000000086e00000, 0x0000000086e80800, 0x0000000086f00000| 50%| E|  |TAMS 0x0000000086e00000, 0x0000000086e00000| Complete 
| 111|0x0000000086f00000, 0x0000000087000000, 0x0000000087000000|100%| E|CS|TAMS 0x0000000086f00000, 0x0000000086f00000| Complete 
| 112|0x0000000087000000, 0x0000000087100000, 0x0000000087100000|100%| E|CS|TAMS 0x0000000087000000, 0x0000000087000000| Complete 
| 113|0x0000000087100000, 0x0000000087200000, 0x0000000087200000|100%| E|CS|TAMS 0x0000000087100000, 0x0000000087100000| Complete 
| 114|0x0000000087200000, 0x0000000087300000, 0x0000000087300000|100%| E|CS|TAMS 0x0000000087200000, 0x0000000087200000| Complete 
| 115|0x0000000087300000, 0x0000000087400000, 0x0000000087400000|100%| E|CS|TAMS 0x0000000087300000, 0x0000000087300000| Complete 
| 116|0x0000000087400000, 0x0000000087500000, 0x0000000087500000|100%| E|CS|TAMS 0x0000000087400000, 0x0000000087400000| Complete 
| 117|0x0000000087500000, 0x0000000087600000, 0x0000000087600000|100%| E|CS|TAMS 0x0000000087500000, 0x0000000087500000| Complete 
| 118|0x0000000087600000, 0x0000000087700000, 0x0000000087700000|100%| E|CS|TAMS 0x0000000087600000, 0x0000000087600000| Complete 
| 119|0x0000000087700000, 0x0000000087800000, 0x0000000087800000|100%| E|CS|TAMS 0x0000000087700000, 0x0000000087700000| Complete 
| 120|0x0000000087800000, 0x0000000087900000, 0x0000000087900000|100%| E|CS|TAMS 0x0000000087800000, 0x0000000087800000| Complete 
| 121|0x0000000087900000, 0x0000000087a00000, 0x0000000087a00000|100%| E|CS|TAMS 0x0000000087900000, 0x0000000087900000| Complete 
| 122|0x0000000087a00000, 0x0000000087b00000, 0x0000000087b00000|100%| E|CS|TAMS 0x0000000087a00000, 0x0000000087a00000| Complete 
| 123|0x0000000087b00000, 0x0000000087c00000, 0x0000000087c00000|100%| E|CS|TAMS 0x0000000087b00000, 0x0000000087b00000| Complete 
| 124|0x0000000087c00000, 0x0000000087d00000, 0x0000000087d00000|100%| E|CS|TAMS 0x0000000087c00000, 0x0000000087c00000| Complete 
| 125|0x0000000087d00000, 0x0000000087e00000, 0x0000000087e00000|100%| E|CS|TAMS 0x0000000087d00000, 0x0000000087d00000| Complete 
| 126|0x0000000087e00000, 0x0000000087f00000, 0x0000000087f00000|100%| E|CS|TAMS 0x0000000087e00000, 0x0000000087e00000| Complete 
| 127|0x0000000087f00000, 0x0000000088000000, 0x0000000088000000|100%| E|CS|TAMS 0x0000000087f00000, 0x0000000087f00000| Complete 

Card table byte_map: [0x000001e7d4e60000,0x000001e7d5260000] _byte_map_base: 0x000001e7d4a60000

Marking Bits (Prev, Next): (CMBitMap*) 0x000001e7c1c7f3f8, (CMBitMap*) 0x000001e7c1c7f430
 Prev Bits: [0x000001e7d5660000, 0x000001e7d7660000)
 Next Bits: [0x000001e7d7660000, 0x000001e7d9660000)

Polling page: 0x000001e7bfbe0000

Metaspace:

Usage:
  Non-class:     64.31 MB capacity,    63.16 MB ( 98%) used,   991.19 KB (  2%) free+waste,   184.06 KB ( <1%) overhead. 
      Class:     10.12 MB capacity,     9.48 MB ( 94%) used,   565.18 KB (  5%) free+waste,    85.75 KB ( <1%) overhead. 
       Both:     74.42 MB capacity,    72.64 MB ( 98%) used,     1.52 MB (  2%) free+waste,   269.81 KB ( <1%) overhead. 

Virtual space:
  Non-class space:       66.00 MB reserved,      64.50 MB ( 98%) committed 
      Class space:        1.00 GB reserved,      10.20 MB ( <1%) committed 
             Both:        1.06 GB reserved,      74.70 MB (  7%) committed 

Chunk freelists:
   Non-Class:  4.00 KB
       Class:  10.00 KB
        Both:  14.00 KB

MaxMetaspaceSize: 17179869184.00 GB
CompressedClassSpaceSize: 1.00 GB

CodeHeap 'non-profiled nmethods': size=120000Kb used=3442Kb max_used=3442Kb free=116558Kb
 bounds [0x000001e7cd200000, 0x000001e7cd560000, 0x000001e7d4730000]
CodeHeap 'profiled nmethods': size=120000Kb used=14455Kb max_used=14455Kb free=105544Kb
 bounds [0x000001e7c5cd0000, 0x000001e7c6af0000, 0x000001e7cd200000]
CodeHeap 'non-nmethods': size=5760Kb used=2268Kb max_used=2314Kb free=3491Kb
 bounds [0x000001e7c5730000, 0x000001e7c59a0000, 0x000001e7c5cd0000]
 total_blobs=7694 nmethods=6830 adapters=775
 compilation: enabled
              stopped_count=0, restarted_count=0
 full_count=0

Compilation events (20 events):
Event: 31.276 Thread 0x000001e7dc0d9800 6953 %     4       org.gradle.internal.instantiation.generator.AbstractClassGenerator::inspectType @ 107 (560 bytes)
Event: 31.277 Thread 0x000001e7dc0de000 nmethod 6956 0x000001e7c6ad9410 code [0x000001e7c6ad9680, 0x000001e7c6ada1c8]
Event: 31.278 Thread 0x000001e7dc0de000 6957       1       java.lang.ClassLoader::getName (5 bytes)
Event: 31.278 Thread 0x000001e7dc0de000 nmethod 6957 0x000001e7cd55ba10 code [0x000001e7cd55bbc0, 0x000001e7cd55bc78]
Event: 31.288 Thread 0x000001e7dc0de000 6958       3       java.util.HashMap::put (13 bytes)
Event: 31.289 Thread 0x000001e7dc0de000 nmethod 6958 0x000001e7c6ada510 code [0x000001e7c6ada6e0, 0x000001e7c6ada9d8]
Event: 31.289 Thread 0x000001e7dc0de000 6959       3       java.util.HashMap::putVal (300 bytes)
Event: 31.292 Thread 0x000001e7dc0de000 nmethod 6959 0x000001e7c6adab10 code [0x000001e7c6adade0, 0x000001e7c6adbf18]
Event: 31.311 Thread 0x000001e7dc0de000 6962       3       java.util.HashMap::comparableClassFor (115 bytes)
Event: 31.313 Thread 0x000001e7dc0de000 nmethod 6962 0x000001e7c6adc410 code [0x000001e7c6adc6a0, 0x000001e7c6add418]
Event: 31.313 Thread 0x000001e7dc0de000 6963       3       org.gradle.util.CollectionUtils::collectArray (49 bytes)
Event: 31.314 Thread 0x000001e7dc0de000 nmethod 6963 0x000001e7c6add790 code [0x000001e7c6add980, 0x000001e7c6addda8]
Event: 31.336 Thread 0x000001e7dc0de000 6967       3       jdk.internal.org.objectweb.asm.ClassWriter::visitSource (36 bytes)
Event: 31.337 Thread 0x000001e7dc0de000 nmethod 6967 0x000001e7c6addf90 code [0x000001e7c6ade180, 0x000001e7c6ade618]
Event: 31.347 Thread 0x000001e7dc0de000 6968       1       com.android.build.api.component.impl.ComponentImpl::getTaskContainer (5 bytes)
Event: 31.347 Thread 0x000001e7dc0de000 nmethod 6968 0x000001e7cd55bf10 code [0x000001e7cd55c0c0, 0x000001e7cd55c178]
Event: 31.348 Thread 0x000001e7dc0de000 6969       3       org.gradle.internal.reflect.ClassInspector::visitGraph (98 bytes)
Event: 31.352 Thread 0x000001e7dc0de000 nmethod 6969 0x000001e7c6ade790 code [0x000001e7c6adeae0, 0x000001e7c6adff48]
Event: 31.352 Thread 0x000001e7dc0de000 6970       3       java.util.HashMap$TreeNode::find (172 bytes)
Event: 31.354 Thread 0x000001e7dc0de000 nmethod 6970 0x000001e7c6ae0710 code [0x000001e7c6ae0960, 0x000001e7c6ae1358]

GC Heap History (20 events):
Event: 8.157 GC heap before
{Heap before GC invocations=4 (full 0):
 garbage-first heap   total 131072K, used 74725K [0x0000000080000000, 0x0000000100000000)
  region size 1024K, 58 young (59392K), 1 survivors (1024K)
 Metaspace       used 26274K, capacity 26925K, committed 27008K, reserved 1073152K
  class space    used 3452K, capacity 3704K, committed 3712K, reserved 1048576K
}
Event: 8.163 GC heap after
{Heap after GC invocations=5 (full 0):
 garbage-first heap   total 131072K, used 18114K [0x0000000080000000, 0x0000000100000000)
  region size 1024K, 3 young (3072K), 3 survivors (3072K)
 Metaspace       used 26274K, capacity 26925K, committed 27008K, reserved 1073152K
  class space    used 3452K, capacity 3704K, committed 3712K, reserved 1048576K
}
Event: 10.560 GC heap before
{Heap before GC invocations=5 (full 0):
 garbage-first heap   total 131072K, used 71362K [0x0000000080000000, 0x0000000100000000)
  region size 1024K, 56 young (57344K), 3 survivors (3072K)
 Metaspace       used 35048K, capacity 35830K, committed 35840K, reserved 1081344K
  class space    used 4539K, capacity 4864K, committed 4864K, reserved 1048576K
}
Event: 10.575 GC heap after
{Heap after GC invocations=6 (full 0):
 garbage-first heap   total 131072K, used 21553K [0x0000000080000000, 0x0000000100000000)
  region size 1024K, 6 young (6144K), 6 survivors (6144K)
 Metaspace       used 35048K, capacity 35830K, committed 35840K, reserved 1081344K
  class space    used 4539K, capacity 4864K, committed 4864K, reserved 1048576K
}
Event: 12.362 GC heap before
{Heap before GC invocations=7 (full 0):
 garbage-first heap   total 131072K, used 88113K [0x0000000080000000, 0x0000000100000000)
  region size 1024K, 68 young (69632K), 6 survivors (6144K)
 Metaspace       used 39512K, capacity 40495K, committed 40780K, reserved 1085440K
  class space    used 5052K, capacity 5390K, committed 5452K, reserved 1048576K
}
Event: 12.390 GC heap after
{Heap after GC invocations=8 (full 0):
 garbage-first heap   total 131072K, used 26672K [0x0000000080000000, 0x0000000100000000)
  region size 1024K, 9 young (9216K), 9 survivors (9216K)
 Metaspace       used 39512K, capacity 40495K, committed 40780K, reserved 1085440K
  class space    used 5052K, capacity 5390K, committed 5452K, reserved 1048576K
}
Event: 17.512 GC heap before
{Heap before GC invocations=8 (full 0):
 garbage-first heap   total 131072K, used 90160K [0x0000000080000000, 0x0000000100000000)
  region size 1024K, 70 young (71680K), 9 survivors (9216K)
 Metaspace       used 45054K, capacity 46199K, committed 46540K, reserved 1089536K
  class space    used 5790K, capacity 6221K, committed 6348K, reserved 1048576K
}
Event: 17.526 GC heap after
{Heap after GC invocations=9 (full 0):
 garbage-first heap   total 131072K, used 28664K [0x0000000080000000, 0x0000000100000000)
  region size 1024K, 3 young (3072K), 3 survivors (3072K)
 Metaspace       used 45054K, capacity 46199K, committed 46540K, reserved 1089536K
  class space    used 5790K, capacity 6221K, committed 6348K, reserved 1048576K
}
Event: 23.173 GC heap before
{Heap before GC invocations=9 (full 0):
 garbage-first heap   total 131072K, used 97272K [0x0000000080000000, 0x0000000100000000)
  region size 1024K, 66 young (67584K), 3 survivors (3072K)
 Metaspace       used 48815K, capacity 50176K, committed 50252K, reserved 1093632K
  class space    used 6225K, capacity 6696K, committed 6732K, reserved 1048576K
}
Event: 23.190 GC heap after
{Heap after GC invocations=10 (full 0):
 garbage-first heap   total 131072K, used 40538K [0x0000000080000000, 0x0000000100000000)
  region size 1024K, 9 young (9216K), 9 survivors (9216K)
 Metaspace       used 48815K, capacity 50176K, committed 50252K, reserved 1093632K
  class space    used 6225K, capacity 6696K, committed 6732K, reserved 1048576K
}
Event: 25.422 GC heap before
{Heap before GC invocations=10 (full 0):
 garbage-first heap   total 131072K, used 96858K [0x0000000080000000, 0x0000000100000000)
  region size 1024K, 64 young (65536K), 9 survivors (9216K)
 Metaspace       used 57527K, capacity 58989K, committed 59084K, reserved 1099776K
  class space    used 7306K, capacity 7862K, committed 7884K, reserved 1048576K
}
Event: 25.437 GC heap after
{Heap after GC invocations=11 (full 0):
 garbage-first heap   total 131072K, used 43653K [0x0000000080000000, 0x0000000100000000)
  region size 1024K, 3 young (3072K), 3 survivors (3072K)
 Metaspace       used 57527K, capacity 58989K, committed 59084K, reserved 1099776K
  class space    used 7306K, capacity 7862K, committed 7884K, reserved 1048576K
}
Event: 25.613 GC heap before
{Heap before GC invocations=11 (full 0):
 garbage-first heap   total 131072K, used 50821K [0x0000000080000000, 0x0000000100000000)
  region size 1024K, 11 young (11264K), 3 survivors (3072K)
 Metaspace       used 58664K, capacity 60157K, committed 60236K, reserved 1101824K
  class space    used 7441K, capacity 7974K, committed 8012K, reserved 1048576K
}
Event: 25.621 GC heap after
{Heap after GC invocations=12 (full 0):
 garbage-first heap   total 131072K, used 44180K [0x0000000080000000, 0x0000000100000000)
  region size 1024K, 4 young (4096K), 4 survivors (4096K)
 Metaspace       used 58664K, capacity 60157K, committed 60236K, reserved 1101824K
  class space    used 7441K, capacity 7974K, committed 8012K, reserved 1048576K
}
Event: 27.081 GC heap before
{Heap before GC invocations=13 (full 0):
 garbage-first heap   total 131072K, used 95380K [0x0000000080000000, 0x0000000100000000)
  region size 1024K, 54 young (55296K), 4 survivors (4096K)
 Metaspace       used 63047K, capacity 64574K, committed 64716K, reserved 1105920K
  class space    used 8008K, capacity 8559K, committed 8652K, reserved 1048576K
}
Event: 27.097 GC heap after
{Heap after GC invocations=14 (full 0):
 garbage-first heap   total 131072K, used 47582K [0x0000000080000000, 0x0000000100000000)
  region size 1024K, 7 young (7168K), 7 survivors (7168K)
 Metaspace       used 63047K, capacity 64574K, committed 64716K, reserved 1105920K
  class space    used 8008K, capacity 8559K, committed 8652K, reserved 1048576K
}
Event: 28.262 GC heap before
{Heap before GC invocations=15 (full 0):
 garbage-first heap   total 131072K, used 97758K [0x0000000080000000, 0x0000000100000000)
  region size 1024K, 56 young (57344K), 7 survivors (7168K)
 Metaspace       used 67069K, capacity 68652K, committed 68940K, reserved 1110016K
  class space    used 8682K, capacity 9253K, committed 9292K, reserved 1048576K
}
Event: 28.280 GC heap after
{Heap after GC invocations=16 (full 0):
 garbage-first heap   total 131072K, used 52114K [0x0000000080000000, 0x0000000100000000)
  region size 1024K, 5 young (5120K), 5 survivors (5120K)
 Metaspace       used 67069K, capacity 68652K, committed 68940K, reserved 1110016K
  class space    used 8682K, capacity 9253K, committed 9292K, reserved 1048576K
}
Event: 30.774 GC heap before
{Heap before GC invocations=16 (full 0):
 garbage-first heap   total 131072K, used 100242K [0x0000000080000000, 0x0000000100000000)
  region size 1024K, 52 young (53248K), 5 survivors (5120K)
 Metaspace       used 71891K, capacity 73645K, committed 73804K, reserved 1114112K
  class space    used 9396K, capacity 10004K, committed 10060K, reserved 1048576K
}
Event: 30.789 GC heap after
{Heap after GC invocations=17 (full 0):
 garbage-first heap   total 131072K, used 54841K [0x0000000080000000, 0x0000000100000000)
  region size 1024K, 3 young (3072K), 3 survivors (3072K)
 Metaspace       used 71891K, capacity 73645K, committed 73804K, reserved 1114112K
  class space    used 9396K, capacity 10004K, committed 10060K, reserved 1048576K
}

Deoptimization events (20 events):
Event: 31.082 Thread 0x000001e7de4bf000 DEOPT PACKING pc=0x000001e7c6878cea sp=0x00000092208f9730
Event: 31.082 Thread 0x000001e7de4bf000 DEOPT UNPACKING pc=0x000001e7c57576ce sp=0x00000092208f8bd0 mode 0
Event: 31.082 Thread 0x000001e7de4bf000 Uncommon trap: trap_request=0xffffffc6 fr.pc=0x000001e7cd39be84 relative=0x00000000000006e4
Event: 31.082 Thread 0x000001e7de4bf000 Uncommon trap: reason=bimorphic_or_optimized_type_check action=maybe_recompile pc=0x000001e7cd39be84 method=java.util.regex.Pattern$Start.match(Ljava/util/regex/Matcher;ILjava/lang/CharSequence;)Z @ 44 c2
Event: 31.082 Thread 0x000001e7de4bf000 DEOPT PACKING pc=0x000001e7cd39be84 sp=0x00000092208f96e0
Event: 31.082 Thread 0x000001e7de4bf000 DEOPT UNPACKING pc=0x000001e7c57578af sp=0x00000092208f96c0 mode 2
Event: 31.269 Thread 0x000001e7de4bf000 DEOPT PACKING pc=0x000001e7c63aa3c4 sp=0x00000092208f7e40
Event: 31.269 Thread 0x000001e7de4bf000 DEOPT UNPACKING pc=0x000001e7c57576ce sp=0x00000092208f7278 mode 0
Event: 31.269 Thread 0x000001e7de4bf000 DEOPT PACKING pc=0x000001e7c63aa4cc sp=0x00000092208f7eb0
Event: 31.269 Thread 0x000001e7de4bf000 DEOPT UNPACKING pc=0x000001e7c57576ce sp=0x00000092208f7350 mode 0
Event: 31.269 Thread 0x000001e7de4bf000 DEOPT PACKING pc=0x000001e7c64a7cfc sp=0x00000092208f7f20
Event: 31.269 Thread 0x000001e7de4bf000 DEOPT UNPACKING pc=0x000001e7c57576ce sp=0x00000092208f7320 mode 0
Event: 31.288 Thread 0x000001e7de4bf000 Uncommon trap: trap_request=0xffffff4d fr.pc=0x000001e7cd449280 relative=0x0000000000000700
Event: 31.288 Thread 0x000001e7de4bf000 Uncommon trap: reason=unstable_if action=reinterpret pc=0x000001e7cd449280 method=java.util.HashMap.putVal(ILjava/lang/Object;Ljava/lang/Object;ZZ)Ljava/lang/Object; @ 109 c2
Event: 31.288 Thread 0x000001e7de4bf000 DEOPT PACKING pc=0x000001e7cd449280 sp=0x00000092208f8180
Event: 31.288 Thread 0x000001e7de4bf000 DEOPT UNPACKING pc=0x000001e7c57578af sp=0x00000092208f8098 mode 2
Event: 31.288 Thread 0x000001e7de4bf000 Uncommon trap: trap_request=0xffffff4d fr.pc=0x000001e7cd341d6c relative=0x000000000000066c
Event: 31.288 Thread 0x000001e7de4bf000 Uncommon trap: reason=unstable_if action=reinterpret pc=0x000001e7cd341d6c method=java.util.HashMap.putVal(ILjava/lang/Object;Ljava/lang/Object;ZZ)Ljava/lang/Object; @ 109 c2
Event: 31.288 Thread 0x000001e7de4bf000 DEOPT PACKING pc=0x000001e7cd341d6c sp=0x00000092208f80d0
Event: 31.288 Thread 0x000001e7de4bf000 DEOPT UNPACKING pc=0x000001e7c57578af sp=0x00000092208f8088 mode 2

Classes redefined (0 events):
No events

Internal exceptions (20 events):
Event: 27.379 Thread 0x000001e7de4bf000 Exception <a 'java/lang/ClassNotFoundException'{0x0000000086b5e3b0}: com/android/build/gradle/internal/CompileOptions_DecoratedBeanInfo> (0x0000000086b5e3b0) thrown at [./src/hotspot/share/classfile/systemDictionary.cpp, line 231]
Event: 27.380 Thread 0x000001e7de4bf000 Exception <a 'java/lang/ClassNotFoundException'{0x0000000086b75808}: com/android/build/gradle/internal/CompileOptionsBeanInfo> (0x0000000086b75808) thrown at [./src/hotspot/share/classfile/systemDictionary.cpp, line 231]
Event: 27.380 Thread 0x000001e7de4bf000 Exception <a 'java/lang/ClassNotFoundException'{0x0000000086b8d670}: com/android/build/gradle/internal/CompileOptionsCustomizer> (0x0000000086b8d670) thrown at [./src/hotspot/share/classfile/systemDictionary.cpp, line 231]
Event: 27.381 Thread 0x000001e7de4bf000 Exception <a 'java/lang/ClassNotFoundException'{0x0000000086bb1c40}: com/android/build/gradle/internal/CompileOptions_DecoratedCustomizer> (0x0000000086bb1c40) thrown at [./src/hotspot/share/classfile/systemDictionary.cpp, line 231]
Event: 28.713 Thread 0x000001e7de4bf000 Exception <a 'java/lang/ClassNotFoundException'{0x0000000087353bd0}: com/android/build/gradle/internal/api/ApkVariantOutputImpl_DecoratedBeanInfo> (0x0000000087353bd0) thrown at [./src/hotspot/share/classfile/systemDictionary.cpp, line 231]
Event: 28.717 Thread 0x000001e7de4bf000 Exception <a 'java/lang/ClassNotFoundException'{0x000000008736d5f0}: com/android/build/gradle/internal/api/ApkVariantOutputImplBeanInfo> (0x000000008736d5f0) thrown at [./src/hotspot/share/classfile/systemDictionary.cpp, line 231]
Event: 28.721 Thread 0x000001e7de4bf000 Exception <a 'java/lang/ClassNotFoundException'{0x0000000087387a00}: com/android/build/gradle/internal/api/BaseVariantOutputImplBeanInfo> (0x0000000087387a00) thrown at [./src/hotspot/share/classfile/systemDictionary.cpp, line 231]
Event: 28.731 Thread 0x000001e7de4bf000 Exception <a 'java/lang/ClassNotFoundException'{0x00000000873a1c38}: com/android/build/gradle/internal/api/BaseVariantOutputImplCustomizer> (0x00000000873a1c38) thrown at [./src/hotspot/share/classfile/systemDictionary.cpp, line 231]
Event: 28.736 Thread 0x000001e7de4bf000 Exception <a 'java/lang/ClassNotFoundException'{0x00000000873ce508}: com/android/build/gradle/internal/api/ApkVariantOutputImplCustomizer> (0x00000000873ce508) thrown at [./src/hotspot/share/classfile/systemDictionary.cpp, line 231]
Event: 28.747 Thread 0x000001e7de4bf000 Exception <a 'java/lang/ClassNotFoundException'{0x00000000873f71e0}: com/android/build/gradle/internal/api/ApkVariantOutputImpl_DecoratedCustomizer> (0x00000000873f71e0) thrown at [./src/hotspot/share/classfile/systemDictionary.cpp, line 231]
Event: 28.871 Thread 0x000001e7de4bf000 Exception <a 'java/lang/NoClassDefFoundError'{0x000000008715eac8}: org/jetbrains/kotlin/gradle/plugin/KotlinBasePluginWrapper> (0x000000008715eac8) thrown at [./src/hotspot/share/classfile/systemDictionary.cpp, line 220]
Event: 29.934 Thread 0x000001e7de4bf000 Exception <a 'sun/nio/fs/WindowsException'{0x0000000086453d88}> (0x0000000086453d88) thrown at [./src/hotspot/share/prims/jni.cpp, line 615]
Event: 29.936 Thread 0x000001e7de4bf000 Exception <a 'sun/nio/fs/WindowsException'{0x0000000086454358}> (0x0000000086454358) thrown at [./src/hotspot/share/prims/jni.cpp, line 615]
Event: 30.275 Thread 0x000001e7de4bf000 Exception <a 'java/lang/NullPointerException'{0x0000000085cec140}> (0x0000000085cec140) thrown at [./src/hotspot/share/interpreter/linkResolver.cpp, line 1440]
Event: 30.955 Thread 0x000001e7de4bf000 Exception <a 'java/lang/NoSuchMethodError'{0x0000000087cb1c00}: 'int java.lang.invoke.DirectMethodHandle$Holder.invokeStatic(java.lang.Object, java.lang.Object, int, java.lang.Object)'> (0x0000000087cb1c00) thrown at [./src/hotspot/share/interpreter/linkResolver.cpp, line 773]
Event: 30.957 Thread 0x000001e7de4bf000 Exception <a 'java/lang/NoSuchMethodError'{0x0000000087cb8aa8}: 'java.lang.Object java.lang.invoke.Invokers$Holder.linkToTargetMethod(java.lang.Object, int, java.lang.Object)'> (0x0000000087cb8aa8) thrown at [./src/hotspot/share/interpreter/linkResolver.cpp, line 773]
Event: 31.110 Thread 0x000001e7de4bf000 Exception <a 'sun/nio/fs/WindowsException'{0x0000000087be3600}> (0x0000000087be3600) thrown at [./src/hotspot/share/prims/jni.cpp, line 615]
Event: 31.111 Thread 0x000001e7de4bf000 Exception <a 'sun/nio/fs/WindowsException'{0x0000000087be46f8}> (0x0000000087be46f8) thrown at [./src/hotspot/share/prims/jni.cpp, line 615]
Event: 31.111 Thread 0x000001e7de4bf000 Exception <a 'sun/nio/fs/WindowsException'{0x0000000087be5828}> (0x0000000087be5828) thrown at [./src/hotspot/share/prims/jni.cpp, line 615]
Event: 31.111 Thread 0x000001e7de4bf000 Exception <a 'sun/nio/fs/WindowsException'{0x0000000087be6958}> (0x0000000087be6958) thrown at [./src/hotspot/share/prims/jni.cpp, line 615]

Events (20 events):
Event: 31.346 loading class org/gradle/api/file/DuplicatesStrategy
Event: 31.346 loading class org/gradle/api/file/DuplicatesStrategy done
Event: 31.346 loading class org/gradle/api/internal/file/collections/DirectoryFileTreeFactory
Event: 31.346 loading class org/gradle/api/internal/file/collections/DirectoryFileTreeFactory done
Event: 31.346 loading class org/gradle/internal/reflect/Instantiator
Event: 31.346 loading class org/gradle/internal/reflect/Instantiator done
Event: 31.346 loading class org/gradle/internal/file/Deleter
Event: 31.346 loading class org/gradle/internal/file/Deleter done
Event: 31.347 loading class org/gradle/api/internal/file/FileCollectionStructureVisitor
Event: 31.347 loading class org/gradle/api/internal/file/FileCollectionStructureVisitor done
Event: 31.347 loading class org/gradle/api/internal/file/FileCollectionStructureVisitor
Event: 31.347 loading class org/gradle/api/internal/file/FileCollectionStructureVisitor done
Event: 31.359 loading class org/gradle/internal/work/DefaultAsyncWorkTracker
Event: 31.359 loading class org/gradle/internal/work/DefaultAsyncWorkTracker done
Event: 31.362 loading class org/gradle/workers/internal/ClassLoaderStructure
Event: 31.362 loading class org/gradle/workers/internal/ClassLoaderStructure done
Event: 31.363 loading class org/gradle/internal/work/DefaultConditionalExecutionQueueFactory
Event: 31.363 loading class org/gradle/internal/work/DefaultConditionalExecutionQueueFactory done
Event: 31.364 loading class org/gradle/workers/internal/NoIsolationWorkerFactory
Event: 31.364 loading class org/gradle/workers/internal/NoIsolationWorkerFactory done


Dynamic libraries:
0x00007ff643410000 - 0x00007ff64341a000 	C:\Program Files\Android\Android Studio\jre\bin\java.exe
0x00007ffb3fc10000 - 0x00007ffb3fe05000 	C:\WINDOWS\SYSTEM32\ntdll.dll
0x00007ffb3ee50000 - 0x00007ffb3ef0e000 	C:\WINDOWS\System32\KERNEL32.DLL
0x00007ffb3d620000 - 0x00007ffb3d8e9000 	C:\WINDOWS\System32\KERNELBASE.dll
0x00007ffb3db60000 - 0x00007ffb3dc60000 	C:\WINDOWS\System32\ucrtbase.dll
0x00007ffb35ae0000 - 0x00007ffb35af9000 	C:\Program Files\Android\Android Studio\jre\bin\jli.dll
0x00007ffb35aa0000 - 0x00007ffb35ab7000 	C:\Program Files\Android\Android Studio\jre\bin\VCRUNTIME140.dll
0x00007ffb3dc70000 - 0x00007ffb3de11000 	C:\WINDOWS\System32\USER32.dll
0x00007ffb26210000 - 0x00007ffb264aa000 	C:\WINDOWS\WinSxS\amd64_microsoft.windows.common-controls_6595b64144ccf1df_6.0.19041.1110_none_60b5254171f9507e\COMCTL32.dll
0x00007ffb3d490000 - 0x00007ffb3d4b2000 	C:\WINDOWS\System32\win32u.dll
0x00007ffb3e510000 - 0x00007ffb3e53b000 	C:\WINDOWS\System32\GDI32.dll
0x00007ffb3d8f0000 - 0x00007ffb3d9fb000 	C:\WINDOWS\System32\gdi32full.dll
0x00007ffb3e5c0000 - 0x00007ffb3e65e000 	C:\WINDOWS\System32\msvcrt.dll
0x00007ffb3d360000 - 0x00007ffb3d3fd000 	C:\WINDOWS\System32\msvcp_win.dll
0x00007ffb3f840000 - 0x00007ffb3f870000 	C:\WINDOWS\System32\IMM32.DLL
0x00007ffb11ed0000 - 0x00007ffb11f6d000 	C:\Program Files\Android\Android Studio\jre\bin\msvcp140.dll
0x00007ffae99a0000 - 0x00007ffaea46f000 	C:\Program Files\Android\Android Studio\jre\bin\server\jvm.dll
0x00007ffb3e460000 - 0x00007ffb3e50c000 	C:\WINDOWS\System32\ADVAPI32.dll
0x00007ffb3fac0000 - 0x00007ffb3fb5b000 	C:\WINDOWS\System32\sechost.dll
0x00007ffb3f870000 - 0x00007ffb3f99a000 	C:\WINDOWS\System32\RPCRT4.dll
0x00007ffb3dc60000 - 0x00007ffb3dc68000 	C:\WINDOWS\System32\PSAPI.DLL
0x00007ffb23370000 - 0x00007ffb23397000 	C:\WINDOWS\SYSTEM32\WINMM.dll
0x00007ffb2a740000 - 0x00007ffb2a749000 	C:\WINDOWS\SYSTEM32\WSOCK32.dll
0x00007ffb37270000 - 0x00007ffb3727a000 	C:\WINDOWS\SYSTEM32\VERSION.dll
0x00007ffb3fb60000 - 0x00007ffb3fbcb000 	C:\WINDOWS\System32\ws2_32.DLL
0x00007ffb3b410000 - 0x00007ffb3b422000 	C:\WINDOWS\SYSTEM32\kernel.appcore.dll
0x00007ffb37ee0000 - 0x00007ffb37ef1000 	C:\Program Files\Android\Android Studio\jre\bin\verify.dll
0x00007ffb3af90000 - 0x00007ffb3b174000 	C:\WINDOWS\SYSTEM32\DBGHELP.DLL
0x00007ffb28170000 - 0x00007ffb2819c000 	C:\WINDOWS\SYSTEM32\dbgcore.DLL
0x00007ffb3d400000 - 0x00007ffb3d483000 	C:\WINDOWS\System32\bcryptPrimitives.dll
0x00007ffb37010000 - 0x00007ffb37039000 	C:\Program Files\Android\Android Studio\jre\bin\java.dll
0x00007ffb37fa0000 - 0x00007ffb37fab000 	C:\Program Files\Android\Android Studio\jre\bin\jimage.dll
0x00007ffb37100000 - 0x00007ffb37118000 	C:\Program Files\Android\Android Studio\jre\bin\zip.dll
0x00007ffb3ef30000 - 0x00007ffb3f66f000 	C:\WINDOWS\System32\SHELL32.dll
0x00007ffb3b430000 - 0x00007ffb3bbc0000 	C:\WINDOWS\SYSTEM32\windows.storage.dll
0x00007ffb3e660000 - 0x00007ffb3e9b5000 	C:\WINDOWS\System32\combase.dll
0x00007ffb3cd80000 - 0x00007ffb3cdac000 	C:\WINDOWS\SYSTEM32\Wldp.dll
0x00007ffb3f670000 - 0x00007ffb3f71d000 	C:\WINDOWS\System32\SHCORE.dll
0x00007ffb3fa00000 - 0x00007ffb3fa55000 	C:\WINDOWS\System32\shlwapi.dll
0x00007ffb3d270000 - 0x00007ffb3d28f000 	C:\WINDOWS\SYSTEM32\profapi.dll
0x00007ffb36ff0000 - 0x00007ffb3700a000 	C:\Program Files\Android\Android Studio\jre\bin\net.dll
0x00007ffb2d320000 - 0x00007ffb2d428000 	C:\WINDOWS\SYSTEM32\WINHTTP.dll
0x00007ffb3cae0000 - 0x00007ffb3cb4a000 	C:\WINDOWS\system32\mswsock.dll
0x00007ffb36fd0000 - 0x00007ffb36fe4000 	C:\Program Files\Android\Android Studio\jre\bin\nio.dll
0x00007ffb1b920000 - 0x00007ffb1b947000 	C:\Users\Rivaldo\.gradle\native\8bec1ad78214c89d9ad589b4d07fe93259594b29d510b10fafb7a158f7737e5d\windows-amd64\native-platform.dll
0x00007ffb02bc0000 - 0x00007ffb02cfd000 	C:\Users\Rivaldo\.gradle\native\53dbd7edfb1c66fb8903c78663c9afc45aea4f116125fa6feffd364cf09443e8\windows-amd64\native-platform-file-events.dll
0x00007ffb37f10000 - 0x00007ffb37f1a000 	C:\Program Files\Android\Android Studio\jre\bin\management.dll
0x00007ffb37e50000 - 0x00007ffb37e5c000 	C:\Program Files\Android\Android Studio\jre\bin\management_ext.dll
0x00007ffb3cce0000 - 0x00007ffb3ccf8000 	C:\WINDOWS\SYSTEM32\CRYPTSP.dll
0x00007ffb3c3f0000 - 0x00007ffb3c424000 	C:\WINDOWS\system32\rsaenh.dll
0x00007ffb3d330000 - 0x00007ffb3d357000 	C:\WINDOWS\System32\bcrypt.dll
0x00007ffb3d1f0000 - 0x00007ffb3d21e000 	C:\WINDOWS\SYSTEM32\USERENV.dll
0x00007ffb3ccd0000 - 0x00007ffb3ccdc000 	C:\WINDOWS\SYSTEM32\CRYPTBASE.dll
0x00007ffb3c780000 - 0x00007ffb3c7bb000 	C:\WINDOWS\SYSTEM32\IPHLPAPI.DLL
0x00007ffb3ee40000 - 0x00007ffb3ee48000 	C:\WINDOWS\System32\NSI.dll
0x00007ffb35500000 - 0x00007ffb35517000 	C:\WINDOWS\SYSTEM32\dhcpcsvc6.DLL
0x00007ffb36620000 - 0x00007ffb3663d000 	C:\WINDOWS\SYSTEM32\dhcpcsvc.DLL
0x00007ffb3c7d0000 - 0x00007ffb3c89c000 	C:\WINDOWS\SYSTEM32\DNSAPI.dll

dbghelp: loaded successfully - version: 4.0.5 - missing functions: none
symbol engine: initialized successfully - sym options: 0x614 - pdb path: .;C:\Program Files\Android\Android Studio\jre\bin;C:\WINDOWS\SYSTEM32;C:\WINDOWS\WinSxS\amd64_microsoft.windows.common-controls_6595b64144ccf1df_6.0.19041.1110_none_60b5254171f9507e;C:\Program Files\Android\Android Studio\jre\bin\server;C:\Users\Rivaldo\.gradle\native\8bec1ad78214c89d9ad589b4d07fe93259594b29d510b10fafb7a158f7737e5d\windows-amd64;C:\Users\Rivaldo\.gradle\native\53dbd7edfb1c66fb8903c78663c9afc45aea4f116125fa6feffd364cf09443e8\windows-amd64

VM Arguments:
jvm_args: --add-opens=java.base/java.util=ALL-UNNAMED --add-opens=java.base/java.lang=ALL-UNNAMED --add-opens=java.base/java.lang.invoke=ALL-UNNAMED --add-opens=java.base/java.util=ALL-UNNAMED --add-opens=java.prefs/java.util.prefs=ALL-UNNAMED --add-opens=java.prefs/java.util.prefs=ALL-UNNAMED --add-opens=java.base/java.nio.charset=ALL-UNNAMED --add-opens=java.base/java.net=ALL-UNNAMED --add-opens=java.base/java.util.concurrent.atomic=ALL-UNNAMED -Xmx2048m -Dfile.encoding=UTF-8 -Duser.country=GB -Duser.language=en -Duser.variant 
java_command: org.gradle.launcher.daemon.bootstrap.GradleDaemon 7.0.2
java_class_path (initial): C:\Users\Rivaldo\.gradle\wrapper\dists\gradle-7.0.2-bin\857tjihv64xamwrf0h14cai3r\gradle-7.0.2\lib\gradle-launcher-7.0.2.jar
Launcher Type: SUN_STANDARD

[Global flags]
     intx CICompilerCount                          = 4                                         {product} {ergonomic}
     uint ConcGCThreads                            = 2                                         {product} {ergonomic}
     uint G1ConcRefinementThreads                  = 8                                         {product} {ergonomic}
   size_t G1HeapRegionSize                         = 1048576                                   {product} {ergonomic}
    uintx GCDrainStackTargetSize                   = 64                                        {product} {ergonomic}
   size_t InitialHeapSize                          = 134217728                                 {product} {ergonomic}
   size_t MarkStackSize                            = 4194304                                   {product} {ergonomic}
   size_t MaxHeapSize                              = 2147483648                                {product} {command line}
   size_t MaxNewSize                               = 1287651328                                {product} {ergonomic}
   size_t MinHeapDeltaBytes                        = 1048576                                   {product} {ergonomic}
    uintx NonNMethodCodeHeapSize                   = 5836300                                {pd product} {ergonomic}
    uintx NonProfiledCodeHeapSize                  = 122910970                              {pd product} {ergonomic}
    uintx ProfiledCodeHeapSize                     = 122910970                              {pd product} {ergonomic}
    uintx ReservedCodeCacheSize                    = 251658240                              {pd product} {ergonomic}
     bool SegmentedCodeCache                       = true                                      {product} {ergonomic}
     bool UseCompressedClassPointers               = true                                 {lp64_product} {ergonomic}
     bool UseCompressedOops                        = true                                 {lp64_product} {ergonomic}
     bool UseG1GC                                  = true                                      {product} {ergonomic}
     bool UseLargePagesIndividualAllocation        = false                                  {pd product} {ergonomic}

Logging:
Log output configuration:
 #0: stdout all=warning uptime,level,tags
 #1: stderr all=off uptime,level,tags

Environment Variables:
PATH=C:\Program Files\Common Files\Oracle\Java\javapath;C:\Program Files (x86)\Common Files\Oracle\Java\javapath;C:\Program Files (x86)\Common Files\Intel\Shared Libraries\redist\intel64\compiler;C:\Windows\system32;C:\Windows;C:\Windows\System32\Wbem;C:\Windows\System32\WindowsPowerShell\v1.0\;C:\Windows\System32\OpenSSH\;C:\xampp\php;C:\WINDOWS\system32;C:\WINDOWS;C:\WINDOWS\System32\Wbem;C:\WINDOWS\System32\WindowsPowerShell\v1.0\;C:\WINDOWS\System32\OpenSSH\;C:\Program Files (x86)\dotnet\;C:\Program Files\Common Files\Autodesk Shared\;C:\Program Files\Microsoft SQL Server\120\Tools\Binn\;D:\MathWorks_MATLAB_R2018ax64\runtime\win64;D:\MathWorks_MATLAB_R2018ax64\bin;D:\Mathlab\bin;C:\Program Files\NVIDIA Corporation\NVIDIA NvDLISR;C:\Program Files (x86)\NVIDIA Corporation\PhysX\Common;C:\Program Files\Git\cmd;C:\Users\Rivaldo\AppData\Local\Microsoft\WindowsApps;;C:\Users\Rivaldo\AppData\Local\Programs\Microsoft VS Code\bin
USERNAME=Rivaldo
OS=Windows_NT
PROCESSOR_IDENTIFIER=Intel64 Family 6 Model 142 Stepping 10, GenuineIntel



---------------  S Y S T E M  ---------------

OS: Windows 10 , 64 bit Build 19041 (10.0.19041.1202)
OS uptime: 0 days 17:32 hours

CPU:total 8 (initial active 8) (4 cores per cpu, 2 threads per core) family 6 model 142 stepping 10 microcode 0xb4, cmov, cx8, fxsr, mmx, sse, sse2, sse3, ssse3, sse4.1, sse4.2, popcnt, avx, avx2, aes, clmul, erms, 3dnowpref, lzcnt, ht, tsc, tscinvbit, bmi1, bmi2, adx, fma

Memory: 4k page, system-wide physical 8074M (216M free)
TotalPageFile size 16266M (AvailPageFile size 10M)
current process WorkingSet (physical memory assigned to process): 321M, peak: 326M
current process commit charge ("private bytes"): 359M, peak: 362M

vm_info: OpenJDK 64-Bit Server VM (11.0.10+0-b96-7249189) for windows-amd64 JRE (11.0.10+0-b96-7249189), built on Mar 31 2021 21:44:00 by "builder" with MS VC++ 14.0 (VS2015)

END.
